<?xml version="1.0" encoding="UTF-8"?>
<testng-results skipped="0" failed="0" ignored="0" total="1" passed="1">
  <reporter-output>
  </reporter-output>
  <suite name="mySuiteApptive" duration-ms="123" started-at="2019-12-07T12:32:29 CST" finished-at="2019-12-07T12:32:29 CST">
    <groups>
    </groups>
    <test name="mySuiteApptive" duration-ms="123" started-at="2019-12-07T12:32:29 CST" finished-at="2019-12-07T12:32:29 CST">
      <class name="com.qaminds.testget_apptive.IntroductionTest">
        <test-method status="PASS" signature="chargeDriver()[pri:0, instance:com.qaminds.testget_apptive.IntroductionTest@78c03f1f]" name="chargeDriver" is-config="true" duration-ms="27091" started-at="2019-12-07T12:32:02 CST" finished-at="2019-12-07T12:32:29 CST">
          <reporter-output>
          </reporter-output>
        </test-method> <!-- chargeDriver -->
        <test-method status="PASS" signature="validationTest()[pri:0, instance:com.qaminds.testget_apptive.IntroductionTest@78c03f1f]" name="validationTest" duration-ms="6" started-at="2019-12-07T12:32:29 CST" finished-at="2019-12-07T12:32:29 CST">
          <reporter-output>
          </reporter-output>
        </test-method> <!-- validationTest -->
        <test-method status="PASS" signature="finishDriver()[pri:0, instance:com.qaminds.testget_apptive.IntroductionTest@78c03f1f]" name="finishDriver" is-config="true" duration-ms="1" started-at="2019-12-07T12:32:30 CST" finished-at="2019-12-07T12:32:30 CST">
          <reporter-output>
          </reporter-output>
        </test-method> <!-- finishDriver -->
      </class> <!-- com.qaminds.testget_apptive.IntroductionTest -->
    </test> <!-- mySuiteApptive -->
  </suite> <!-- mySuiteApptive -->
</testng-results>
